<?xml version="1.0" encoding="UTF-8"?>
<!-- Generated by org.testng.reporters.JUnitReportReporter -->
<testsuite hostname="Meghna" failures="0" tests="1" name="test_script.BaseTest" time="3.818" errors="0" timestamp="2025-02-19T22:23:56 IST" skipped="0">
  <testcase classname="test_script.BaseTest" name="tc1" time="3.818"/>
  <system-out/>
</testsuite> <!-- test_script.BaseTest -->
