<?xml version="1.0" encoding="UTF-8"?>
<!-- Generated by org.testng.reporters.JUnitReportReporter -->
<testsuite hostname="Meghna" failures="0" tests="4" name="test_script.BaseTest" time="0.024" errors="0" timestamp="2025-03-05T22:28:14 IST" skipped="0">
  <testcase classname="test_script.BaseTest" name="tc1" time="0.013"/>
  <testcase classname="test_script.BaseTest" name="tc1" time="0.003"/>
  <testcase classname="test_script.BaseTest" name="tc1" time="0.001"/>
  <testcase classname="test_script.BaseTest" name="tc1" time="0.007"/>
</testsuite> <!-- test_script.BaseTest -->
