<?xml version="1.0" encoding="UTF-8"?>
<!-- Generated by org.testng.reporters.JUnitReportReporter -->
<testsuite hostname="Meghna" failures="0" tests="1" name="test_script.BaseTest" time="6.143" errors="0" timestamp="2025-02-20T22:35:58 IST" skipped="0">
  <testcase classname="test_script.BaseTest" name="tc1" time="6.143"/>
  <system-out/>
</testsuite> <!-- test_script.BaseTest -->
